<?xml version="1.0" encoding="UTF-8"?>
<!-- Generated by org.testng.reporters.JUnitXMLReporter -->
<testsuite hostname="mds-Mac-mini.local" name="Test" tests="4" failures="2" timestamp="31 Dec 2015 01:37:47 GMT" time="43.47" errors="0">
  <testcase name="test001" time="0.083" classname="com.amex.automation.testcases.AppTest"/>
  <testcase name="test002" time="2.826" classname="com.amex.automation.testcases.AppTest">
    <failure type="java.lang.AssertionError" message="null">
      <![CDATA[java.lang.AssertionError: null
	at com.amex.automation.testcases.AppTest.test002(AppTest.java:45)
... Removed 26 stack frames]]>
    </failure>
  </testcase> <!-- test002 -->
  <testcase name="test001" time="0.002" classname="com.amex.automation.testcases.Test001P"/>
  <testcase name="test002" time="2.908" classname="com.amex.automation.testcases.Test001P">
    <failure type="java.lang.AssertionError" message="null">
      <![CDATA[java.lang.AssertionError: null
	at com.amex.automation.testcases.Test001P.test002(Test001P.java:43)
... Removed 26 stack frames]]>
    </failure>
  </testcase> <!-- test002 -->
</testsuite> <!-- Test -->
